<mule xmlns="http://www.mulesoft.org/schema/mule/core"
      xmlns:xsi="http://www.w3.org/2001/XMLSchema-instance"
      xmlns:mule4-mosquitto="http://www.mulesoft.org/schema/mule/mule4-mosquitto"
      xsi:schemaLocation="http://www.mulesoft.org/schema/mule/core http://www.mulesoft.org/schema/mule/core/current/mule.xsd
          http://www.mulesoft.org/schema/mule/mule4-mosquitto http://www.mulesoft.org/schema/mule/mule4-mosquitto/current/mule-mule4-mosquitto.xsd">

    <mule4-mosquitto:config name="config" configId="configId">
        <mule4-mosquitto:connection requiredParameter="aValue" />
    </mule4-mosquitto:config>

    <flow name="sayHiFlow">
        <mule4-mosquitto:say-hi person="Mariano Gonzalez"/>
    </flow>

    <flow name="retrieveInfoFlow">
        <mule4-mosquitto:retrieve-info config-ref="config"/>
    </flow>

</mule>
